<?xml version="1.0" encoding="UTF-8"?>
<!-- Generated by org.testng.reporters.JUnitReportReporter -->
<testsuite skipped="0" hostname="Eshwar" name="parametrization.TestParameterization" tests="3" failures="0" timestamp="2021-05-31T12:00:27 IST" time="0.015" errors="0">
  <testcase name="doLogin" time="0.004" classname="parametrization.TestParameterization"/>
  <system-out/>
  <testcase name="doLogin" time="0.009" classname="parametrization.TestParameterization"/>
  <system-out/>
  <testcase name="doLogin" time="0.002" classname="parametrization.TestParameterization"/>
  <system-out/>
</testsuite> <!-- parametrization.TestParameterization -->
