<?xml version="1.0" encoding="UTF-8"?>
<!-- Generated by org.testng.reporters.JUnitReportReporter -->
<testsuite skipped="0" hostname="Eshwar" name="cucumberBasics.BankLoginRunCuke" tests="2" failures="0" timestamp="2021-06-07T17:29:23 IST" time="0.232" errors="0">
  <testcase name="runScenario" time="0.214" classname="cucumberBasics.BankLoginRunCuke"/>
  <system-out/>
  <testcase name="runScenario" time="0.018" classname="cucumberBasics.BankLoginRunCuke"/>
  <system-out/>
</testsuite> <!-- cucumberBasics.BankLoginRunCuke -->
