<?xml version="1.0" encoding="UTF-8"?>
<!-- Generated by org.testng.reporters.JUnitReportReporter -->
<testsuite skipped="1" hostname="Eshwar" name="testNGFrameWorkBasics.TestSkip" tests="1" failures="0" timestamp="2021-06-07T17:15:29 IST" time="0.002" errors="0">
  <testcase name="isSkip" time="0.002" classname="testNGFrameWorkBasics.TestSkip">
    <skipped/>
  </testcase> <!-- isSkip -->
  <system-out/>
</testsuite> <!-- testNGFrameWorkBasics.TestSkip -->
