<?xml version="1.0" encoding="UTF-8"?>
<!-- Generated by org.testng.reporters.JUnitReportReporter -->
<testsuite skipped="0" hostname="Eshwar" name="cucumberBasics.Runuke" tests="2" failures="0" timestamp="2021-06-01T16:12:59 IST" time="0.192" errors="0">
  <testcase name="runScenario" time="0.180" classname="cucumberBasics.Runuke"/>
  <system-out/>
  <testcase name="runScenario" time="0.012" classname="cucumberBasics.Runuke"/>
  <system-out/>
</testsuite> <!-- cucumberBasics.Runuke -->
