<?xml version="1.0" encoding="UTF-8"?>
<!-- Generated by org.testng.reporters.JUnitReportReporter -->
<testsuite skipped="0" hostname="Eshwar" name="testNGFrameWorkBasics.TestCase1" tests="3" failures="0" timestamp="2021-06-07T17:15:29 IST" time="0.014" errors="0">
  <testcase name="firstTest" time="0.008" classname="testNGFrameWorkBasics.TestCase1"/>
  <system-out/>
  <testcase name="doLogin" time="0.005" classname="testNGFrameWorkBasics.TestCase1"/>
  <system-out/>
  <testcase name="doUserReg" time="0.001" classname="testNGFrameWorkBasics.TestCase1"/>
  <system-out/>
</testsuite> <!-- testNGFrameWorkBasics.TestCase1 -->
